This is pdfTeX, Version 3.14159265-2.6-1.40.16 (TeX Live 2015/Debian) (preloaded format=pdflatex 2018.11.19)  17 JAN 2019 14:41
entering extended mode
 restricted \write18 enabled.
 %&-line parsing enabled.
**main.tex
(./main.tex
LaTeX2e <2016/02/01>
Babel <3.9q> and hyphenation patterns for 81 language(s) loaded.
(./IEEEtran.cls
Document Class: IEEEtran 2015/08/26 V1.8b by Michael Shell
-- See the "IEEEtran_HOWTO" manual for usage information.
-- http://www.michaelshell.org/tex/ieeetran/
\@IEEEtrantmpdimenA=\dimen102
\@IEEEtrantmpdimenB=\dimen103
\@IEEEtrantmpdimenC=\dimen104
\@IEEEtrantmpcountA=\count79
\@IEEEtrantmpcountB=\count80
\@IEEEtrantmpcountC=\count81
\@IEEEtrantmptoksA=\toks14
LaTeX Font Info:    Try loading font information for OT1+ptm on input line 503.

(/usr/share/texlive/texmf-dist/tex/latex/psnfss/ot1ptm.fd
File: ot1ptm.fd 2001/06/04 font definitions for OT1/ptm.
)
-- Using 8.5in x 11in (letter) paper.
-- Using PDF output.
\@IEEEnormalsizeunitybaselineskip=\dimen105
-- This is a 10 point document.
\CLASSINFOnormalsizebaselineskip=\dimen106
\CLASSINFOnormalsizeunitybaselineskip=\dimen107
\IEEEnormaljot=\dimen108
LaTeX Font Info:    Font shape `OT1/ptm/bx/n' in size <5> not available
(Font)              Font shape `OT1/ptm/b/n' tried instead on input line 1090.
LaTeX Font Info:    Font shape `OT1/ptm/bx/it' in size <5> not available
(Font)              Font shape `OT1/ptm/b/it' tried instead on input line 1090.

LaTeX Font Info:    Font shape `OT1/ptm/bx/n' in size <7> not available
(Font)              Font shape `OT1/ptm/b/n' tried instead on input line 1090.
LaTeX Font Info:    Font shape `OT1/ptm/bx/it' in size <7> not available
(Font)              Font shape `OT1/ptm/b/it' tried instead on input line 1090.

LaTeX Font Info:    Font shape `OT1/ptm/bx/n' in size <8> not available
(Font)              Font shape `OT1/ptm/b/n' tried instead on input line 1090.
LaTeX Font Info:    Font shape `OT1/ptm/bx/it' in size <8> not available
(Font)              Font shape `OT1/ptm/b/it' tried instead on input line 1090.

LaTeX Font Info:    Font shape `OT1/ptm/bx/n' in size <9> not available
(Font)              Font shape `OT1/ptm/b/n' tried instead on input line 1090.
LaTeX Font Info:    Font shape `OT1/ptm/bx/it' in size <9> not available
(Font)              Font shape `OT1/ptm/b/it' tried instead on input line 1090.

LaTeX Font Info:    Font shape `OT1/ptm/bx/n' in size <10> not available
(Font)              Font shape `OT1/ptm/b/n' tried instead on input line 1090.
LaTeX Font Info:    Font shape `OT1/ptm/bx/it' in size <10> not available
(Font)              Font shape `OT1/ptm/b/it' tried instead on input line 1090.

LaTeX Font Info:    Font shape `OT1/ptm/bx/n' in size <11> not available
(Font)              Font shape `OT1/ptm/b/n' tried instead on input line 1090.
LaTeX Font Info:    Font shape `OT1/ptm/bx/it' in size <11> not available
(Font)              Font shape `OT1/ptm/b/it' tried instead on input line 1090.

LaTeX Font Info:    Font shape `OT1/ptm/bx/n' in size <12> not available
(Font)              Font shape `OT1/ptm/b/n' tried instead on input line 1090.
LaTeX Font Info:    Font shape `OT1/ptm/bx/it' in size <12> not available
(Font)              Font shape `OT1/ptm/b/it' tried instead on input line 1090.

LaTeX Font Info:    Font shape `OT1/ptm/bx/n' in size <17> not available
(Font)              Font shape `OT1/ptm/b/n' tried instead on input line 1090.
LaTeX Font Info:    Font shape `OT1/ptm/bx/it' in size <17> not available
(Font)              Font shape `OT1/ptm/b/it' tried instead on input line 1090.

LaTeX Font Info:    Font shape `OT1/ptm/bx/n' in size <20> not available
(Font)              Font shape `OT1/ptm/b/n' tried instead on input line 1090.
LaTeX Font Info:    Font shape `OT1/ptm/bx/it' in size <20> not available
(Font)              Font shape `OT1/ptm/b/it' tried instead on input line 1090.

LaTeX Font Info:    Font shape `OT1/ptm/bx/n' in size <24> not available
(Font)              Font shape `OT1/ptm/b/n' tried instead on input line 1090.
LaTeX Font Info:    Font shape `OT1/ptm/bx/it' in size <24> not available
(Font)              Font shape `OT1/ptm/b/it' tried instead on input line 1090.

\IEEEquantizedlength=\dimen109
\IEEEquantizedlengthdiff=\dimen110
\IEEEquantizedtextheightdiff=\dimen111
\IEEEilabelindentA=\dimen112
\IEEEilabelindentB=\dimen113
\IEEEilabelindent=\dimen114
\IEEEelabelindent=\dimen115
\IEEEdlabelindent=\dimen116
\IEEElabelindent=\dimen117
\IEEEiednormlabelsep=\dimen118
\IEEEiedmathlabelsep=\dimen119
\IEEEiedtopsep=\skip41
\c@section=\count82
\c@subsection=\count83
\c@subsubsection=\count84
\c@paragraph=\count85
\c@IEEEsubequation=\count86
\abovecaptionskip=\skip42
\belowcaptionskip=\skip43
\c@figure=\count87
\c@table=\count88
\@IEEEeqnnumcols=\count89
\@IEEEeqncolcnt=\count90
\@IEEEsubeqnnumrollback=\count91
\@IEEEquantizeheightA=\dimen120
\@IEEEquantizeheightB=\dimen121
\@IEEEquantizeheightC=\dimen122
\@IEEEquantizeprevdepth=\dimen123
\@IEEEquantizemultiple=\count92
\@IEEEquantizeboxA=\box26
\@IEEEtmpitemindent=\dimen124
\IEEEPARstartletwidth=\dimen125
\c@IEEEbiography=\count93
\@IEEEtranrubishbin=\box27
)
** ATTENTION: Overriding command lockouts (line 2).
(/usr/share/texlive/texmf-dist/tex/latex/cite/cite.sty
LaTeX Info: Redefining \cite on input line 302.
LaTeX Info: Redefining \nocite on input line 332.
Package: cite 2015/02/27  v 5.5
)
(/usr/share/texlive/texmf-dist/tex/latex/amsmath/amsmath.sty
Package: amsmath 2016/03/03 v2.15a AMS math features
\@mathmargin=\skip44

For additional information on amsmath, use the `?' option.
(/usr/share/texlive/texmf-dist/tex/latex/amsmath/amstext.sty
Package: amstext 2000/06/29 v2.01 AMS text

(/usr/share/texlive/texmf-dist/tex/latex/amsmath/amsgen.sty
File: amsgen.sty 1999/11/30 v2.0 generic functions
\@emptytoks=\toks15
\ex@=\dimen126
))
(/usr/share/texlive/texmf-dist/tex/latex/amsmath/amsbsy.sty
Package: amsbsy 1999/11/29 v1.2d Bold Symbols
\pmbraise@=\dimen127
)
(/usr/share/texlive/texmf-dist/tex/latex/amsmath/amsopn.sty
Package: amsopn 1999/12/14 v2.01 operator names
)
\inf@bad=\count94
LaTeX Info: Redefining \frac on input line 199.
\uproot@=\count95
\leftroot@=\count96
LaTeX Info: Redefining \overline on input line 297.
\classnum@=\count97
\DOTSCASE@=\count98
LaTeX Info: Redefining \ldots on input line 394.
LaTeX Info: Redefining \dots on input line 397.
LaTeX Info: Redefining \cdots on input line 518.
\Mathstrutbox@=\box28
\strutbox@=\box29
\big@size=\dimen128
LaTeX Font Info:    Redeclaring font encoding OML on input line 630.
LaTeX Font Info:    Redeclaring font encoding OMS on input line 631.
\macc@depth=\count99
\c@MaxMatrixCols=\count100
\dotsspace@=\muskip10
\c@parentequation=\count101
\dspbrk@lvl=\count102
\tag@help=\toks16
\row@=\count103
\column@=\count104
\maxfields@=\count105
\andhelp@=\toks17
\eqnshift@=\dimen129
\alignsep@=\dimen130
\tagshift@=\dimen131
\tagwidth@=\dimen132
\totwidth@=\dimen133
\lineht@=\dimen134
\@envbody=\toks18
\multlinegap=\skip45
\multlinetaggap=\skip46
\mathdisplay@stack=\toks19
LaTeX Info: Redefining \[ on input line 2735.
LaTeX Info: Redefining \] on input line 2736.
)
(/usr/share/texlive/texmf-dist/tex/latex/amsfonts/amssymb.sty
Package: amssymb 2013/01/14 v3.01 AMS font symbols

(/usr/share/texlive/texmf-dist/tex/latex/amsfonts/amsfonts.sty
Package: amsfonts 2013/01/14 v3.01 Basic AMSFonts support
\symAMSa=\mathgroup4
\symAMSb=\mathgroup5
LaTeX Font Info:    Overwriting math alphabet `\mathfrak' in version `bold'
(Font)                  U/euf/m/n --> U/euf/b/n on input line 106.
))
(/usr/share/texlive/texmf-dist/tex/latex/graphics/graphicx.sty
Package: graphicx 2014/10/28 v1.0g Enhanced LaTeX Graphics (DPC,SPQR)

(/usr/share/texlive/texmf-dist/tex/latex/graphics/keyval.sty
Package: keyval 2014/10/28 v1.15 key=value parser (DPC)
\KV@toks@=\toks20
)
(/usr/share/texlive/texmf-dist/tex/latex/graphics/graphics.sty
Package: graphics 2016/01/03 v1.0q Standard LaTeX Graphics (DPC,SPQR)

(/usr/share/texlive/texmf-dist/tex/latex/graphics/trig.sty
Package: trig 2016/01/03 v1.10 sin cos tan (DPC)
)
(/usr/share/texlive/texmf-dist/tex/latex/latexconfig/graphics.cfg
File: graphics.cfg 2010/04/23 v1.9 graphics configuration of TeX Live
)
Package graphics Info: Driver file: pdftex.def on input line 95.

(/usr/share/texlive/texmf-dist/tex/latex/pdftex-def/pdftex.def
File: pdftex.def 2011/05/27 v0.06d Graphics/color for pdfTeX

(/usr/share/texlive/texmf-dist/tex/generic/oberdiek/infwarerr.sty
Package: infwarerr 2010/04/08 v1.3 Providing info/warning/error messages (HO)
)
(/usr/share/texlive/texmf-dist/tex/generic/oberdiek/ltxcmds.sty
Package: ltxcmds 2011/11/09 v1.22 LaTeX kernel commands for general use (HO)
)
\Gread@gobject=\count106
))
\Gin@req@height=\dimen135
\Gin@req@width=\dimen136
)
(/usr/share/texlive/texmf-dist/tex/latex/base/textcomp.sty
Package: textcomp 2005/09/27 v1.99g Standard LaTeX package
Package textcomp Info: Sub-encoding information:
(textcomp)               5 = only ISO-Adobe without \textcurrency
(textcomp)               4 = 5 + \texteuro
(textcomp)               3 = 4 + \textohm
(textcomp)               2 = 3 + \textestimated + \textcurrency
(textcomp)               1 = TS1 - \textcircled - \t
(textcomp)               0 = TS1 (full)
(textcomp)             Font families with sub-encoding setting implement
(textcomp)             only a restricted character set as indicated.
(textcomp)             Family '?' is the default used for unknown fonts.
(textcomp)             See the documentation for details.
Package textcomp Info: Setting ? sub-encoding to TS1/1 on input line 79.

(/usr/share/texlive/texmf-dist/tex/latex/base/ts1enc.def
File: ts1enc.def 2001/06/05 v3.0e (jk/car/fm) Standard LaTeX file
)
LaTeX Info: Redefining \oldstylenums on input line 334.
Package textcomp Info: Setting cmr sub-encoding to TS1/0 on input line 349.
Package textcomp Info: Setting cmss sub-encoding to TS1/0 on input line 350.
Package textcomp Info: Setting cmtt sub-encoding to TS1/0 on input line 351.
Package textcomp Info: Setting cmvtt sub-encoding to TS1/0 on input line 352.
Package textcomp Info: Setting cmbr sub-encoding to TS1/0 on input line 353.
Package textcomp Info: Setting cmtl sub-encoding to TS1/0 on input line 354.
Package textcomp Info: Setting ccr sub-encoding to TS1/0 on input line 355.
Package textcomp Info: Setting ptm sub-encoding to TS1/4 on input line 356.
Package textcomp Info: Setting pcr sub-encoding to TS1/4 on input line 357.
Package textcomp Info: Setting phv sub-encoding to TS1/4 on input line 358.
Package textcomp Info: Setting ppl sub-encoding to TS1/3 on input line 359.
Package textcomp Info: Setting pag sub-encoding to TS1/4 on input line 360.
Package textcomp Info: Setting pbk sub-encoding to TS1/4 on input line 361.
Package textcomp Info: Setting pnc sub-encoding to TS1/4 on input line 362.
Package textcomp Info: Setting pzc sub-encoding to TS1/4 on input line 363.
Package textcomp Info: Setting bch sub-encoding to TS1/4 on input line 364.
Package textcomp Info: Setting put sub-encoding to TS1/5 on input line 365.
Package textcomp Info: Setting uag sub-encoding to TS1/5 on input line 366.
Package textcomp Info: Setting ugq sub-encoding to TS1/5 on input line 367.
Package textcomp Info: Setting ul8 sub-encoding to TS1/4 on input line 368.
Package textcomp Info: Setting ul9 sub-encoding to TS1/4 on input line 369.
Package textcomp Info: Setting augie sub-encoding to TS1/5 on input line 370.
Package textcomp Info: Setting dayrom sub-encoding to TS1/3 on input line 371.
Package textcomp Info: Setting dayroms sub-encoding to TS1/3 on input line 372.

Package textcomp Info: Setting pxr sub-encoding to TS1/0 on input line 373.
Package textcomp Info: Setting pxss sub-encoding to TS1/0 on input line 374.
Package textcomp Info: Setting pxtt sub-encoding to TS1/0 on input line 375.
Package textcomp Info: Setting txr sub-encoding to TS1/0 on input line 376.
Package textcomp Info: Setting txss sub-encoding to TS1/0 on input line 377.
Package textcomp Info: Setting txtt sub-encoding to TS1/0 on input line 378.
Package textcomp Info: Setting lmr sub-encoding to TS1/0 on input line 379.
Package textcomp Info: Setting lmdh sub-encoding to TS1/0 on input line 380.
Package textcomp Info: Setting lmss sub-encoding to TS1/0 on input line 381.
Package textcomp Info: Setting lmssq sub-encoding to TS1/0 on input line 382.
Package textcomp Info: Setting lmvtt sub-encoding to TS1/0 on input line 383.
Package textcomp Info: Setting lmtt sub-encoding to TS1/0 on input line 384.
Package textcomp Info: Setting qhv sub-encoding to TS1/0 on input line 385.
Package textcomp Info: Setting qag sub-encoding to TS1/0 on input line 386.
Package textcomp Info: Setting qbk sub-encoding to TS1/0 on input line 387.
Package textcomp Info: Setting qcr sub-encoding to TS1/0 on input line 388.
Package textcomp Info: Setting qcs sub-encoding to TS1/0 on input line 389.
Package textcomp Info: Setting qpl sub-encoding to TS1/0 on input line 390.
Package textcomp Info: Setting qtm sub-encoding to TS1/0 on input line 391.
Package textcomp Info: Setting qzc sub-encoding to TS1/0 on input line 392.
Package textcomp Info: Setting qhvc sub-encoding to TS1/0 on input line 393.
Package textcomp Info: Setting futs sub-encoding to TS1/4 on input line 394.
Package textcomp Info: Setting futx sub-encoding to TS1/4 on input line 395.
Package textcomp Info: Setting futj sub-encoding to TS1/4 on input line 396.
Package textcomp Info: Setting hlh sub-encoding to TS1/3 on input line 397.
Package textcomp Info: Setting hls sub-encoding to TS1/3 on input line 398.
Package textcomp Info: Setting hlst sub-encoding to TS1/3 on input line 399.
Package textcomp Info: Setting hlct sub-encoding to TS1/5 on input line 400.
Package textcomp Info: Setting hlx sub-encoding to TS1/5 on input line 401.
Package textcomp Info: Setting hlce sub-encoding to TS1/5 on input line 402.
Package textcomp Info: Setting hlcn sub-encoding to TS1/5 on input line 403.
Package textcomp Info: Setting hlcw sub-encoding to TS1/5 on input line 404.
Package textcomp Info: Setting hlcf sub-encoding to TS1/5 on input line 405.
Package textcomp Info: Setting pplx sub-encoding to TS1/3 on input line 406.
Package textcomp Info: Setting pplj sub-encoding to TS1/3 on input line 407.
Package textcomp Info: Setting ptmx sub-encoding to TS1/4 on input line 408.
Package textcomp Info: Setting ptmj sub-encoding to TS1/4 on input line 409.
)
(/usr/share/texlive/texmf-dist/tex/latex/xcolor/xcolor.sty
Package: xcolor 2007/01/21 v2.11 LaTeX color extensions (UK)

(/usr/share/texlive/texmf-dist/tex/latex/latexconfig/color.cfg
File: color.cfg 2007/01/18 v1.5 color configuration of teTeX/TeXLive
)
Package xcolor Info: Driver file: pdftex.def on input line 225.
Package xcolor Info: Model `cmy' substituted by `cmy0' on input line 1337.
Package xcolor Info: Model `hsb' substituted by `rgb' on input line 1341.
Package xcolor Info: Model `RGB' extended on input line 1353.
Package xcolor Info: Model `HTML' substituted by `rgb' on input line 1355.
Package xcolor Info: Model `Hsb' substituted by `hsb' on input line 1356.
Package xcolor Info: Model `tHsb' substituted by `hsb' on input line 1357.
Package xcolor Info: Model `HSB' substituted by `hsb' on input line 1358.
Package xcolor Info: Model `Gray' substituted by `gray' on input line 1359.
Package xcolor Info: Model `wave' substituted by `hsb' on input line 1360.
)
(/usr/share/texlive/texmf-dist/tex/latex/psnfss/times.sty
Package: times 2005/04/12 PSNFSS-v9.2a (SPQR) 
)
(/usr/share/texlive/texmf-dist/tex/latex/psnfss/helvet.sty
Package: helvet 2005/04/12 PSNFSS-v9.2a (WaS) 
)
(/usr/share/texlive/texmf-dist/tex/latex/psnfss/courier.sty
Package: courier 2005/04/12 PSNFSS-v9.2a (WaS) 
)
(/usr/share/texlive/texmf-dist/tex/latex/url/url.sty
\Urlmuskip=\muskip11
Package: url 2013/09/16  ver 3.4  Verb mode for urls, etc.
)
(/usr/share/texlive/texmf-dist/tex/latex/stackengine/stackengine.sty
Package: stackengine 2014/01/06 v3.24\ Stacking text and objects in convenient 
ways

(/usr/share/texlive/texmf-dist/tex/latex/etoolbox/etoolbox.sty
Package: etoolbox 2015/08/02 v2.2a e-TeX tools for LaTeX (JAW)
\etb@tempcnta=\count107
)
(/usr/share/texlive/texmf-dist/tex/latex/tools/calc.sty
Package: calc 2014/10/28 v4.3 Infix arithmetic (KKT,FJ)
\calc@Acount=\count108
\calc@Bcount=\count109
\calc@Adimen=\dimen137
\calc@Bdimen=\dimen138
\calc@Askip=\skip47
\calc@Bskip=\skip48
LaTeX Info: Redefining \setlength on input line 80.
LaTeX Info: Redefining \addtolength on input line 81.
\calc@Ccount=\count110
\calc@Cskip=\skip49
)
\c@@stackindex=\count111
\@boxshift=\skip50
\stack@tmplength=\skip51
\temp@stkl=\skip52
\@stackedboxwidth=\skip53
\@addedbox=\box30
\@anchorbox=\box31
\stackedbox=\box32
\@centerbox=\box33
\c@ROWcellindex@=\count112
)
(/usr/share/texlive/texmf-dist/tex/latex/booktabs/booktabs.sty
Package: booktabs 2005/04/14 v1.61803 publication quality tables
\heavyrulewidth=\dimen139
\lightrulewidth=\dimen140
\cmidrulewidth=\dimen141
\belowrulesep=\dimen142
\belowbottomsep=\dimen143
\aboverulesep=\dimen144
\abovetopsep=\dimen145
\cmidrulesep=\dimen146
\cmidrulekern=\dimen147
\defaultaddspace=\dimen148
\@cmidla=\count113
\@cmidlb=\count114
\@aboverulesep=\dimen149
\@belowrulesep=\dimen150
\@thisruleclass=\count115
\@lastruleclass=\count116
\@thisrulewidth=\dimen151
)
(/usr/share/texlive/texmf-dist/tex/latex/algorithms/algorithm.sty
Package: algorithm 2009/08/24 v0.1 Document Style `algorithm' - floating enviro
nment

(/usr/share/texlive/texmf-dist/tex/latex/float/float.sty
Package: float 2001/11/08 v1.3d Float enhancements (AL)
\c@float@type=\count117
\float@exts=\toks21
\float@box=\box34
\@float@everytoks=\toks22
\@floatcapt=\box35
)
(/usr/share/texlive/texmf-dist/tex/latex/base/ifthen.sty
Package: ifthen 2014/09/29 v1.1c Standard LaTeX ifthen package (DPC)
)
\@float@every@algorithm=\toks23
\c@algorithm=\count118
)
(/usr/share/texlive/texmf-dist/tex/latex/algorithmicx/algpseudocode.sty
Package: algpseudocode 

(/usr/share/texlive/texmf-dist/tex/latex/algorithmicx/algorithmicx.sty
Package: algorithmicx 2005/04/27 v1.2 Algorithmicx

Document Style algorithmicx 1.2 - a greatly improved `algorithmic' style
\c@ALG@line=\count119
\c@ALG@rem=\count120
\c@ALG@nested=\count121
\ALG@tlm=\skip54
\ALG@thistlm=\skip55
\c@ALG@Lnr=\count122
\c@ALG@blocknr=\count123
\c@ALG@storecount=\count124
\c@ALG@tmpcounter=\count125
\ALG@tmplength=\skip56
)
Document Style - pseudocode environments for use with the `algorithmicx' style
) (/usr/share/texlive/texmf-dist/tex/latex/lipsum/lipsum.sty
Package: lipsum 2014/07/27 v1.3 150 paragraphs of Lorem Ipsum dummy text
\c@lips@count=\count126
)
(/usr/share/texlive/texmf-dist/tex/latex/tools/multicol.sty
Package: multicol 2015/08/19 v1.8n multicolumn formatting (FMi)
\c@tracingmulticols=\count127
\mult@box=\box36
\multicol@leftmargin=\dimen152
\c@unbalance=\count128
\c@collectmore=\count129
\doublecol@number=\count130
\multicoltolerance=\count131
\multicolpretolerance=\count132
\full@width=\dimen153
\page@free=\dimen154
\premulticols=\dimen155
\postmulticols=\dimen156
\multicolsep=\skip57
\multicolbaselineskip=\skip58
\partial@page=\box37
\last@line=\box38
\maxbalancingoverflow=\dimen157
\mult@rightbox=\box39
\mult@grightbox=\box40
\mult@gfirstbox=\box41
\mult@firstbox=\box42
\@tempa=\box43
\@tempa=\box44
\@tempa=\box45
\@tempa=\box46
\@tempa=\box47
\@tempa=\box48
\@tempa=\box49
\@tempa=\box50
\@tempa=\box51
\@tempa=\box52
\@tempa=\box53
\@tempa=\box54
\@tempa=\box55
\@tempa=\box56
\@tempa=\box57
\@tempa=\box58
\@tempa=\box59
\c@columnbadness=\count133
\c@finalcolumnbadness=\count134
\last@try=\dimen158
\multicolovershoot=\dimen159
\multicolundershoot=\dimen160
\mult@nat@firstbox=\box60
\colbreak@box=\box61
\mc@col@check@num=\count135
)
(/usr/share/texlive/texmf-dist/tex/latex/graphics/epsfig.sty
Package: epsfig 1999/02/16 v1.7a (e)psfig emulation (SPQR)
\epsfxsize=\dimen161
\epsfysize=\dimen162
)
(/usr/share/texlive/texmf-dist/tex/latex/multirow/multirow.sty
\bigstrutjot=\dimen163
)
(/usr/share/texlive/texmf-dist/tex/latex/comment/comment.sty
\CommentStream=\write3

Excluding comment 'comment')
(/usr/share/texlive/texmf-dist/tex/latex/subfigure/subfigure.sty
Package: subfigure 2002/03/15 v2.1.5 subfigure package
\subfigtopskip=\skip59
\subfigcapskip=\skip60
\subfigcaptopadj=\dimen164
\subfigbottomskip=\skip61
\subfigcapmargin=\dimen165
\subfiglabelskip=\skip62
\c@subfigure=\count136
\c@lofdepth=\count137
\c@subtable=\count138
\c@lotdepth=\count139

****************************************
* Local config file subfigure.cfg used *
****************************************
(/usr/share/texlive/texmf-dist/tex/latex/subfigure/subfigure.cfg)
\subfig@top=\skip63
\subfig@bottom=\skip64
)
(/usr/share/texlive/texmf-dist/tex/latex/mwe/mwe.sty
Package: mwe 2012/05/15 v0.3 Package to support minimal working examples (MWE)

(/usr/share/texlive/texmf-dist/tex/latex/blindtext/blindtext.sty
Package: blindtext 2012/01/06 V2.0 blindtext-Package

(/usr/share/texlive/texmf-dist/tex/latex/tools/xspace.sty
Package: xspace 2014/10/28 v1.13 Space after command names (DPC,MH)
)
\c@blindtext=\count140
\c@Blindtext=\count141
\c@blind@countparstart=\count142
\blind@countxx=\count143
\blindtext@numBlindtext=\count144
\blind@countyy=\count145
\c@blindlist=\count146
\c@blindlistlevel=\count147
\c@blindlist@level=\count148
\blind@listitem=\count149
\c@blind@listcount=\count150
\c@blind@levelcount=\count151
\blind@mathformula=\count152
\blind@Mathformula=\count153
\c@blind@randomcount=\count154
\c@blind@randommax=\count155
\c@blind@pangramcount=\count156
\c@blind@pangrammax=\count157
))
(/usr/share/texlive/texmf-dist/tex/latex/caption/caption.sty
Package: caption 2016/02/21 v3.3-144 Customizing captions (AR)

(/usr/share/texlive/texmf-dist/tex/latex/caption/caption3.sty
Package: caption3 2016/02/04 v1.7-139 caption3 kernel (AR)
Package caption3 Info: TeX engine: e-TeX on input line 67.
\captionmargin=\dimen166
\captionmargin@=\dimen167
\captionwidth=\dimen168
\caption@tempdima=\dimen169
\caption@indent=\dimen170
\caption@parindent=\dimen171
\caption@hangindent=\dimen172
Package caption Info: Unknown document class (or package),
(caption)             standard defaults will be used.
)

Package caption Warning: Unsupported document class (or package) detected,
(caption)                usage of the caption package is not recommended.
See the caption package documentation for explanation.

Package caption Info: \@makecaption = \long macro:#1#2->\ifx \@captype \@IEEEta
blestring \footnotesize \bgroup \par \centering \@IEEEtabletopskipstrut {\norma
lfont \footnotesize #1}\\{\normalfont \footnotesize \scshape #2}\par \addvspace
 {0.5\baselineskip }\egroup \@IEEEtablecaptionsepspace \else \@IEEEfigurecaptio
nsepspace \setbox \@tempboxa \hbox {\normalfont \footnotesize {#1.}\nobreakspac
e \nobreakspace #2}\ifdim \wd \@tempboxa >\hsize \setbox \@tempboxa \hbox {\nor
malfont \footnotesize {#1.}\nobreakspace \nobreakspace }\parbox [t]{\hsize }{\n
ormalfont \footnotesize \noindent \unhbox \@tempboxa #2}\else \ifCLASSOPTIONcon
ference \hbox to\hsize {\normalfont \footnotesize \hfil \box \@tempboxa \hfil }
\else \hbox to\hsize {\normalfont \footnotesize \box \@tempboxa \hfil }\fi \fi 
\fi .
\c@ContinuedFloat=\count158
Package caption Info: float package is loaded.
Package caption Info: subfigure package is loaded.
) (/usr/share/texlive/texmf-dist/tex/latex/tools/verbatim.sty
Package: verbatim 2014/10/28 v1.5q LaTeX2e package for verbatim enhancements
\every@verbatim=\toks24
\verbatim@line=\toks25
\verbatim@in@stream=\read1
)
(/usr/share/texlive/texmf-dist/tex/latex/base/fontenc.sty
Package: fontenc 2005/09/27 v1.99g Standard LaTeX package

(/usr/share/texlive/texmf-dist/tex/latex/base/t1enc.def
File: t1enc.def 2005/09/27 v1.99g Standard LaTeX file
LaTeX Font Info:    Redeclaring font encoding T1 on input line 48.
)
LaTeX Font Info:    Try loading font information for T1+ptm on input line 105.

(/usr/share/texlive/texmf-dist/tex/latex/psnfss/t1ptm.fd
File: t1ptm.fd 2001/06/04 font definitions for T1/ptm.
)) (./main.aux)
\openout1 = `main.aux'.

LaTeX Font Info:    Checking defaults for OML/cmm/m/it on input line 36.
LaTeX Font Info:    ... okay on input line 36.
LaTeX Font Info:    Checking defaults for T1/cmr/m/n on input line 36.
LaTeX Font Info:    ... okay on input line 36.
LaTeX Font Info:    Checking defaults for OT1/cmr/m/n on input line 36.
LaTeX Font Info:    ... okay on input line 36.
LaTeX Font Info:    Checking defaults for OMS/cmsy/m/n on input line 36.
LaTeX Font Info:    ... okay on input line 36.
LaTeX Font Info:    Checking defaults for OMX/cmex/m/n on input line 36.
LaTeX Font Info:    ... okay on input line 36.
LaTeX Font Info:    Checking defaults for U/cmr/m/n on input line 36.
LaTeX Font Info:    ... okay on input line 36.
LaTeX Font Info:    Checking defaults for TS1/cmr/m/n on input line 36.
LaTeX Font Info:    Try loading font information for TS1+cmr on input line 36.

(/usr/share/texlive/texmf-dist/tex/latex/base/ts1cmr.fd
File: ts1cmr.fd 2014/09/29 v2.5h Standard LaTeX font definitions
)
LaTeX Font Info:    ... okay on input line 36.
LaTeX Font Info:    Font shape `T1/ptm/bx/n' in size <5> not available
(Font)              Font shape `T1/ptm/b/n' tried instead on input line 36.
LaTeX Font Info:    Font shape `T1/ptm/bx/it' in size <5> not available
(Font)              Font shape `T1/ptm/b/it' tried instead on input line 36.
LaTeX Font Info:    Font shape `T1/ptm/bx/n' in size <7> not available
(Font)              Font shape `T1/ptm/b/n' tried instead on input line 36.
LaTeX Font Info:    Font shape `T1/ptm/bx/it' in size <7> not available
(Font)              Font shape `T1/ptm/b/it' tried instead on input line 36.
LaTeX Font Info:    Font shape `T1/ptm/bx/n' in size <8> not available
(Font)              Font shape `T1/ptm/b/n' tried instead on input line 36.
LaTeX Font Info:    Font shape `T1/ptm/bx/it' in size <8> not available
(Font)              Font shape `T1/ptm/b/it' tried instead on input line 36.
LaTeX Font Info:    Font shape `T1/ptm/bx/n' in size <9> not available
(Font)              Font shape `T1/ptm/b/n' tried instead on input line 36.
LaTeX Font Info:    Font shape `T1/ptm/bx/it' in size <9> not available
(Font)              Font shape `T1/ptm/b/it' tried instead on input line 36.
LaTeX Font Info:    Font shape `T1/ptm/bx/n' in size <10> not available
(Font)              Font shape `T1/ptm/b/n' tried instead on input line 36.
LaTeX Font Info:    Font shape `T1/ptm/bx/it' in size <10> not available
(Font)              Font shape `T1/ptm/b/it' tried instead on input line 36.
LaTeX Font Info:    Font shape `T1/ptm/bx/n' in size <11> not available
(Font)              Font shape `T1/ptm/b/n' tried instead on input line 36.
LaTeX Font Info:    Font shape `T1/ptm/bx/it' in size <11> not available
(Font)              Font shape `T1/ptm/b/it' tried instead on input line 36.
LaTeX Font Info:    Font shape `T1/ptm/bx/n' in size <12> not available
(Font)              Font shape `T1/ptm/b/n' tried instead on input line 36.
LaTeX Font Info:    Font shape `T1/ptm/bx/it' in size <12> not available
(Font)              Font shape `T1/ptm/b/it' tried instead on input line 36.
LaTeX Font Info:    Font shape `T1/ptm/bx/n' in size <17> not available
(Font)              Font shape `T1/ptm/b/n' tried instead on input line 36.
LaTeX Font Info:    Font shape `T1/ptm/bx/it' in size <17> not available
(Font)              Font shape `T1/ptm/b/it' tried instead on input line 36.
LaTeX Font Info:    Font shape `T1/ptm/bx/n' in size <20> not available
(Font)              Font shape `T1/ptm/b/n' tried instead on input line 36.
LaTeX Font Info:    Font shape `T1/ptm/bx/it' in size <20> not available
(Font)              Font shape `T1/ptm/b/it' tried instead on input line 36.
LaTeX Font Info:    Font shape `T1/ptm/bx/n' in size <24> not available
(Font)              Font shape `T1/ptm/b/n' tried instead on input line 36.
LaTeX Font Info:    Font shape `T1/ptm/bx/it' in size <24> not available
(Font)              Font shape `T1/ptm/b/it' tried instead on input line 36.

-- Lines per column: 56 (exact).
(/usr/share/texlive/texmf-dist/tex/context/base/supp-pdf.mkii
[Loading MPS to PDF converter (version 2006.09.02).]
\scratchcounter=\count159
\scratchdimen=\dimen173
\scratchbox=\box62
\nofMPsegments=\count160
\nofMParguments=\count161
\everyMPshowfont=\toks26
\MPscratchCnt=\count162
\MPscratchDim=\dimen174
\MPnumerator=\count163
\makeMPintoPDFobject=\count164
\everyMPtoPDFconversion=\toks27
) (/usr/share/texlive/texmf-dist/tex/generic/oberdiek/pdftexcmds.sty
Package: pdftexcmds 2011/11/29 v0.20 Utility functions of pdfTeX for LuaTeX (HO
)

(/usr/share/texlive/texmf-dist/tex/generic/oberdiek/ifluatex.sty
Package: ifluatex 2010/03/01 v1.3 Provides the ifluatex switch (HO)
Package ifluatex Info: LuaTeX not detected.
)
(/usr/share/texlive/texmf-dist/tex/generic/oberdiek/ifpdf.sty
Package: ifpdf 2011/01/30 v2.3 Provides the ifpdf switch (HO)
Package ifpdf Info: pdfTeX in PDF mode is detected.
)
Package pdftexcmds Info: LuaTeX not detected.
Package pdftexcmds Info: \pdf@primitive is available.
Package pdftexcmds Info: \pdf@ifprimitive is available.
Package pdftexcmds Info: \pdfdraftmode found.
)
(/usr/share/texlive/texmf-dist/tex/latex/oberdiek/epstopdf-base.sty
Package: epstopdf-base 2010/02/09 v2.5 Base part for package epstopdf

(/usr/share/texlive/texmf-dist/tex/latex/oberdiek/grfext.sty
Package: grfext 2010/08/19 v1.1 Manage graphics extensions (HO)

(/usr/share/texlive/texmf-dist/tex/generic/oberdiek/kvdefinekeys.sty
Package: kvdefinekeys 2011/04/07 v1.3 Define keys (HO)
))
(/usr/share/texlive/texmf-dist/tex/latex/oberdiek/kvoptions.sty
Package: kvoptions 2011/06/30 v3.11 Key value format for package options (HO)

(/usr/share/texlive/texmf-dist/tex/generic/oberdiek/kvsetkeys.sty
Package: kvsetkeys 2012/04/25 v1.16 Key value parser (HO)

(/usr/share/texlive/texmf-dist/tex/generic/oberdiek/etexcmds.sty
Package: etexcmds 2011/02/16 v1.5 Avoid name clashes with e-TeX commands (HO)
Package etexcmds Info: Could not find \expanded.
(etexcmds)             That can mean that you are not using pdfTeX 1.50 or
(etexcmds)             that some package has redefined \expanded.
(etexcmds)             In the latter case, load this package earlier.
)))
Package grfext Info: Graphics extension search list:
(grfext)             [.pdf,.png,.jpg,.mps,.jpeg,.jbig2,.jb2,.PNG,.PDF,.JPG,.JPE
G,.JBIG2,.JB2,.eps]
(grfext)             \AppendGraphicsExtensions on input line 452.

(/usr/share/texlive/texmf-dist/tex/latex/latexconfig/epstopdf-sys.cfg
File: epstopdf-sys.cfg 2010/07/13 v1.3 Configuration of (r)epstopdf for TeX Liv
e
))
Package caption Info: Begin \AtBeginDocument code.
Package caption Info: End \AtBeginDocument code.

<./images/teaser-f.png, id=1, 501.875pt x 501.875pt>
File: ./images/teaser-f.png Graphic file (type png)

<use ./images/teaser-f.png>
Package pdftex.def Info: ./images/teaser-f.png used on input line 66.
(pdftex.def)             Requested size: 100.37321pt x 100.37321pt.
File: ./images/teaser-f.png Graphic file (type png)
 <use ./images/teaser-f.png>
Package pdftex.def Info: ./images/teaser-f.png used on input line 66.
(pdftex.def)             Requested size: 100.37321pt x 100.37321pt.

<./images/mapel_teaser2.pdf, id=2, 361.35pt x 361.35pt>
File: ./images/mapel_teaser2.pdf Graphic file (type pdf)

<use ./images/mapel_teaser2.pdf>
Package pdftex.def Info: ./images/mapel_teaser2.pdf used on input line 69.
(pdftex.def)             Requested size: 101.1773pt x 101.1773pt.
File: ./images/mapel_teaser2.pdf Graphic file (type pdf)
 <use ./images/mapel_teaser2.pdf>
Package pdftex.def Info: ./images/mapel_teaser2.pdf used on input line 69.
(pdftex.def)             Requested size: 101.1773pt x 101.1773pt.

<./images/mapel_net_teaser.pdf, id=3, 650.43pt x 397.485pt>
File: ./images/mapel_net_teaser.pdf Graphic file (type pdf)

<use ./images/mapel_net_teaser.pdf>
Package pdftex.def Info: ./images/mapel_net_teaser.pdf used on input line 71.
(pdftex.def)             Requested size: 211.55595pt x 99.58328pt.
File: ./images/mapel_net_teaser.pdf Graphic file (type pdf)
 <use ./images/mapel_net_teaser.pdf>
Package pdftex.def Info: ./images/mapel_net_teaser.pdf used on input line 71.
(pdftex.def)             Requested size: 211.55595pt x 99.58328pt.


LaTeX Warning: Citation `kuo2015' on page 1 undefined on input line 78.


LaTeX Warning: Citation `pmlr-v48-he16' on page 1 undefined on input line 78.


LaTeX Warning: Citation `Littman1994' on page 1 undefined on input line 78.


LaTeX Warning: Citation `MirowskiPVSBBDG16' on page 1 undefined on input line 7
8.


LaTeX Warning: Citation `antoniades2003' on page 1 undefined on input line 80.


LaTeX Warning: Citation `Hespanha01greedycontrol' on page 1 undefined on input 
line 80.


LaTeX Warning: Citation `GUIBAS1999' on page 1 undefined on input line 80.


LaTeX Warning: Citation `vidal2002' on page 1 undefined on input line 80.


LaTeX Warning: Citation `Parker2002' on page 1 undefined on input line 82.


LaTeX Warning: Citation `Yong2009' on page 1 undefined on input line 82.


LaTeX Warning: Citation `bilgin2015' on page 1 undefined on input line 82.


LaTeX Warning: Citation `kuo2015' on page 1 undefined on input line 82.


LaTeX Warning: Citation `Zhang2018' on page 1 undefined on input line 82.


LaTeX Warning: Citation `lowe2017multi' on page 1 undefined on input line 82.


LaTeX Warning: Citation `hong2018aamas' on page 1 undefined on input line 82.


LaTeX Warning: Citation `Leibo2017' on page 1 undefined on input line 82.

[1{/var/lib/texmf/fonts/map/pdftex/updmap/pdftex.map}


 <./images/teaser-f.png (PNG copy)> <./images/mapel_teaser2.pdf> <./images/mape
l_net_teaser.pdf

pdfTeX warning: pdflatex (file ./images/mapel_net_teaser.pdf): PDF inclusion: m
ultiple pdfs with page group included in a single page
>]

LaTeX Warning: Citation `mnih2013playing' on page 2 undefined on input line 90.



LaTeX Warning: Citation `silver2017mastering' on page 2 undefined on input line
 90.


LaTeX Warning: Citation `liu2009pursuit' on page 2 undefined on input line 90.


LaTeX Warning: Citation `busoniu2008comprehensive' on page 2 undefined on input
 line 90.


LaTeX Warning: Citation `tan1993multi' on page 2 undefined on input line 90.


LaTeX Warning: Citation `matignon2012independent' on page 2 undefined on input 
line 90.


LaTeX Warning: Citation `hong2018aamas' on page 2 undefined on input line 92.


LaTeX Warning: Citation `OmidshafieiPAHV17' on page 2 undefined on input line 9
2.


LaTeX Warning: Citation `Gupta2017' on page 2 undefined on input line 92.


LaTeX Warning: Citation `Sunehag2018' on page 2 undefined on input line 92.


LaTeX Warning: Citation `Foerster2018aamas' on page 2 undefined on input line 9
4.


LaTeX Warning: Citation `Palmer2018aamas' on page 2 undefined on input line 94.



LaTeX Warning: Citation `lowe2017multi' on page 2 undefined on input line 94.


LaTeX Warning: Citation `FoersterFANW17' on page 2 undefined on input line 94.


LaTeX Warning: Citation `Yong2001' on page 2 undefined on input line 94.


LaTeX Warning: Citation `Pinheiro2018aamas' on page 2 undefined on input line 9
4.


LaTeX Warning: Citation `Shao2017' on page 2 undefined on input line 96.


LaTeX Warning: Citation `Hu2010' on page 2 undefined on input line 96.


LaTeX Warning: Citation `Marzag2017aamas' on page 2 undefined on input line 96.



LaTeX Warning: Citation `Bryant2018' on page 2 undefined on input line 96.


LaTeX Warning: Citation `Guestrin2002' on page 2 undefined on input line 96.


LaTeX Warning: Citation `Zhang2014' on page 2 undefined on input line 96.


LaTeX Warning: Citation `Zhang2013' on page 2 undefined on input line 96.


LaTeX Warning: Citation `amato2015' on page 2 undefined on input line 96.


LaTeX Warning: Citation `isaacs1999differential' on page 2 undefined on input l
ine 98.


LaTeX Warning: Citation `liu2010novel' on page 2 undefined on input line 98.


LaTeX Warning: Citation `wang2015research' on page 2 undefined on input line 98
.


LaTeX Warning: Citation `alexopoulos2015iros' on page 2 undefined on input line
 98.

LaTeX Font Info:    Try loading font information for U+msa on input line 105.
(/usr/share/texlive/texmf-dist/tex/latex/amsfonts/umsa.fd
File: umsa.fd 2013/01/14 v3.01 AMS symbols A
)
LaTeX Font Info:    Try loading font information for U+msb on input line 105.

(/usr/share/texlive/texmf-dist/tex/latex/amsfonts/umsb.fd
File: umsb.fd 2013/01/14 v3.01 AMS symbols B
) [2]
<./images/dqn_ma.pdf, id=54, 1084.05pt x 614.295pt>
File: ./images/dqn_ma.pdf Graphic file (type pdf)
 <use ./images/dqn_ma.pdf>
Package pdftex.def Info: ./images/dqn_ma.pdf used on input line 137.
(pdftex.def)             Requested size: 509.50357pt x 288.71869pt.

[3]
Underfull \vbox (badness 10000) has occurred while \output is active []

 [4 <./images/dqn_ma.pdf>] <./images/srnn.pdf, id=134, 758.835pt x 252.945pt>
File: ./images/srnn.pdf Graphic file (type pdf)

<use ./images/srnn.pdf>
Package pdftex.def Info: ./images/srnn.pdf used on input line 187.
(pdftex.def)             Requested size: 242.83217pt x 80.94405pt.
File: ./images/srnn.pdf Graphic file (type pdf)
 <use ./images/srnn.pdf>
Package pdftex.def Info: ./images/srnn.pdf used on input line 187.
(pdftex.def)             Requested size: 242.83217pt x 80.94405pt.

<./images/p2psrp.pdf, id=135, 289.08pt x 252.945pt>
File: ./images/p2psrp.pdf Graphic file (type pdf)
 <use ./images/p2psrp.pdf>
Package pdftex.def Info: ./images/p2psrp.pdf used on input line 189.
(pdftex.def)             Requested size: 101.1795pt x 88.53207pt.
File: ./images/p2psrp.pdf Graphic file (type pdf)

<use ./images/p2psrp.pdf>
Package pdftex.def Info: ./images/p2psrp.pdf used on input line 189.
(pdftex.def)             Requested size: 101.1795pt x 88.53207pt.
 <./images/rsrp.pdf, id=136, 289.08pt x 252.945pt>
File: ./images/rsrp.pdf Graphic file (type pdf)

<use ./images/rsrp.pdf>
Package pdftex.def Info: ./images/rsrp.pdf used on input line 190.
(pdftex.def)             Requested size: 101.1795pt x 88.53207pt.
File: ./images/rsrp.pdf Graphic file (type pdf)
 <use ./images/rsrp.pdf>
Package pdftex.def Info: ./images/rsrp.pdf used on input line 190.
(pdftex.def)             Requested size: 101.1795pt x 88.53207pt.

<./images/evader1_obs2.pdf, id=137, 361.35pt x 361.35pt>
File: ./images/evader1_obs2.pdf Graphic file (type pdf)

<use ./images/evader1_obs2.pdf>
Package pdftex.def Info: ./images/evader1_obs2.pdf used on input line 205.
(pdftex.def)             Requested size: 93.94878pt x 93.94878pt.
File: ./images/evader1_obs2.pdf Graphic file (type pdf)
 <use ./images/evader1_obs2.pdf>
Package pdftex.def Info: ./images/evader1_obs2.pdf used on input line 205.
(pdftex.def)             Requested size: 93.94878pt x 93.94878pt.

<./images/evader2_obs2.pdf, id=138, 361.35pt x 361.35pt>
File: ./images/evader2_obs2.pdf Graphic file (type pdf)

<use ./images/evader2_obs2.pdf>
Package pdftex.def Info: ./images/evader2_obs2.pdf used on input line 207.
(pdftex.def)             Requested size: 93.94878pt x 93.94878pt.
File: ./images/evader2_obs2.pdf Graphic file (type pdf)
 <use ./images/evader2_obs2.pdf>
Package pdftex.def Info: ./images/evader2_obs2.pdf used on input line 207.
(pdftex.def)             Requested size: 93.94878pt x 93.94878pt.

<./images/pursuer1_obs2.pdf, id=139, 361.35pt x 361.35pt>
File: ./images/pursuer1_obs2.pdf Graphic file (type pdf)

<use ./images/pursuer1_obs2.pdf>
Package pdftex.def Info: ./images/pursuer1_obs2.pdf used on input line 209.
(pdftex.def)             Requested size: 93.94878pt x 93.94878pt.
File: ./images/pursuer1_obs2.pdf Graphic file (type pdf)
 <use ./images/pursuer1_obs2.pdf>
Package pdftex.def Info: ./images/pursuer1_obs2.pdf used on input line 209.
(pdftex.def)             Requested size: 93.94878pt x 93.94878pt.

<./images/pursuer2_obs2.pdf, id=140, 361.35pt x 361.35pt>
File: ./images/pursuer2_obs2.pdf Graphic file (type pdf)

<use ./images/pursuer2_obs2.pdf>
Package pdftex.def Info: ./images/pursuer2_obs2.pdf used on input line 210.
(pdftex.def)             Requested size: 93.94878pt x 93.94878pt.
File: ./images/pursuer2_obs2.pdf Graphic file (type pdf)
 <use ./images/pursuer2_obs2.pdf>
Package pdftex.def Info: ./images/pursuer2_obs2.pdf used on input line 210.
(pdftex.def)             Requested size: 93.94878pt x 93.94878pt.


LaTeX Warning: Citation `paszke2017automatic' on page 5 undefined on input line
 216.

<./images/evader2vs2_p2p_dqn.pdf, id=141, 399.14433pt x 266.97804pt>
File: ./images/evader2vs2_p2p_dqn.pdf Graphic file (type pdf)

<use ./images/evader2vs2_p2p_dqn.pdf>
Package pdftex.def Info: ./images/evader2vs2_p2p_dqn.pdf used on input line 227
.
(pdftex.def)             Requested size: 159.65489pt x 106.78932pt.
File: ./images/evader2vs2_p2p_dqn.pdf Graphic file (type pdf)
 <use ./images/evader2vs2_p2p_dqn.pdf>
Package pdftex.def Info: ./images/evader2vs2_p2p_dqn.pdf used on input line 227
.
(pdftex.def)             Requested size: 159.65489pt x 106.78932pt.

<./images/evader3vs3_p2p_dqn.pdf, id=142, 399.14433pt x 266.97804pt>
File: ./images/evader3vs3_p2p_dqn.pdf Graphic file (type pdf)

<use ./images/evader3vs3_p2p_dqn.pdf>
Package pdftex.def Info: ./images/evader3vs3_p2p_dqn.pdf used on input line 229
.
(pdftex.def)             Requested size: 159.65489pt x 106.78932pt.
File: ./images/evader3vs3_p2p_dqn.pdf Graphic file (type pdf)
 <use ./images/evader3vs3_p2p_dqn.pdf>
Package pdftex.def Info: ./images/evader3vs3_p2p_dqn.pdf used on input line 229
.
(pdftex.def)             Requested size: 159.65489pt x 106.78932pt.

<./images/evader5vs5_r_p2p_dqn.pdf, id=143, 399.14433pt x 266.97804pt>
File: ./images/evader5vs5_r_p2p_dqn.pdf Graphic file (type pdf)

<use ./images/evader5vs5_r_p2p_dqn.pdf>
Package pdftex.def Info: ./images/evader5vs5_r_p2p_dqn.pdf used on input line 2
31.
(pdftex.def)             Requested size: 159.65489pt x 106.78932pt.
File: ./images/evader5vs5_r_p2p_dqn.pdf Graphic file (type pdf)

<use ./images/evader5vs5_r_p2p_dqn.pdf>
Package pdftex.def Info: ./images/evader5vs5_r_p2p_dqn.pdf used on input line 2
31.
(pdftex.def)             Requested size: 159.65489pt x 106.78932pt.

<./images/pursuer2vs2_p2p_dqn.pdf, id=144, 399.14433pt x 266.97804pt>
File: ./images/pursuer2vs2_p2p_dqn.pdf Graphic file (type pdf)

<use ./images/pursuer2vs2_p2p_dqn.pdf>
Package pdftex.def Info: ./images/pursuer2vs2_p2p_dqn.pdf used on input line 23
3.
(pdftex.def)             Requested size: 159.65489pt x 106.78932pt.
File: ./images/pursuer2vs2_p2p_dqn.pdf Graphic file (type pdf)
 <use ./images/pursuer2vs2_p2p_dqn.pdf>
Package pdftex.def Info: ./images/pursuer2vs2_p2p_dqn.pdf used on input line 23
3.
(pdftex.def)             Requested size: 159.65489pt x 106.78932pt.

<./images/pursuer3vs3_p2p_dqn.pdf, id=145, 399.14433pt x 266.97804pt>
File: ./images/pursuer3vs3_p2p_dqn.pdf Graphic file (type pdf)

<use ./images/pursuer3vs3_p2p_dqn.pdf>
Package pdftex.def Info: ./images/pursuer3vs3_p2p_dqn.pdf used on input line 23
5.
(pdftex.def)             Requested size: 159.65489pt x 106.78932pt.
File: ./images/pursuer3vs3_p2p_dqn.pdf Graphic file (type pdf)
 <use ./images/pursuer3vs3_p2p_dqn.pdf>
Package pdftex.def Info: ./images/pursuer3vs3_p2p_dqn.pdf used on input line 23
5.
(pdftex.def)             Requested size: 159.65489pt x 106.78932pt.

<./images/pursuer5vs5_r_p2p_dqn.pdf, id=146, 399.14433pt x 266.97804pt>
File: ./images/pursuer5vs5_r_p2p_dqn.pdf Graphic file (type pdf)

<use ./images/pursuer5vs5_r_p2p_dqn.pdf>
Package pdftex.def Info: ./images/pursuer5vs5_r_p2p_dqn.pdf used on input line 
237.
(pdftex.def)             Requested size: 159.65489pt x 106.78932pt.
File: ./images/pursuer5vs5_r_p2p_dqn.pdf Graphic file (type pdf)

<use ./images/pursuer5vs5_r_p2p_dqn.pdf>
Package pdftex.def Info: ./images/pursuer5vs5_r_p2p_dqn.pdf used on input line 
237.
(pdftex.def)             Requested size: 159.65489pt x 106.78932pt.
 [5 <./images/srnn.pdf> <./images/p2psrp.pdf

pdfTeX warning: pdflatex (file ./images/p2psrp.pdf): PDF inclusion: multiple pd
fs with page group included in a single page
> <./images/rsrp.pdf

pdfTeX warning: pdflatex (file ./images/rsrp.pdf): PDF inclusion: multiple pdfs
 with page group included in a single page
> <./images/evader1_obs2.pdf

pdfTeX warning: pdflatex (file ./images/evader1_obs2.pdf): PDF inclusion: multi
ple pdfs with page group included in a single page
> <./images/evader2_obs2.pdf

pdfTeX warning: pdflatex (file ./images/evader2_obs2.pdf): PDF inclusion: multi
ple pdfs with page group included in a single page
> <./images/pursuer1_obs2.pdf

pdfTeX warning: pdflatex (file ./images/pursuer1_obs2.pdf): PDF inclusion: mult
iple pdfs with page group included in a single page
> <./images/pursuer2_obs2.pdf

pdfTeX warning: pdflatex (file ./images/pursuer2_obs2.pdf): PDF inclusion: mult
iple pdfs with page group included in a single page
>]

LaTeX Warning: Citation `KingmaB2014ICLR' on page 6 undefined on input line 249
.


LaTeX Warning: No positions in optional float specifier.
               Default added (so using `tbp') on input line 262.


LaTeX Warning: No positions in optional float specifier.
               Default added (so using `tbp') on input line 280.

[6 <./images/evader2vs2_p2p_dqn.pdf> <./images/evader3vs3_p2p_dqn.pdf

pdfTeX warning: pdflatex (file ./images/evader3vs3_p2p_dqn.pdf): PDF inclusion:
 multiple pdfs with page group included in a single page
> <./images/evader5vs5_r_p2p_dqn.pdf

pdfTeX warning: pdflatex (file ./images/evader5vs5_r_p2p_dqn.pdf): PDF inclusio
n: multiple pdfs with page group included in a single page
> <./images/pursuer2vs2_p2p_dqn.pdf

pdfTeX warning: pdflatex (file ./images/pursuer2vs2_p2p_dqn.pdf): PDF inclusion
: multiple pdfs with page group included in a single page
> <./images/pursuer3vs3_p2p_dqn.pdf

pdfTeX warning: pdflatex (file ./images/pursuer3vs3_p2p_dqn.pdf): PDF inclusion
: multiple pdfs with page group included in a single page
> <./images/pursuer5vs5_r_p2p_dqn.pdf

pdfTeX warning: pdflatex (file ./images/pursuer5vs5_r_p2p_dqn.pdf): PDF inclusi
on: multiple pdfs with page group included in a single page
>]
Underfull \hbox (badness 1436) in paragraph at lines 313--314
\T1/ptm/m/n/10 pursuit-evasion game with par-tial ob-serv-abil-ity. We also
 []


Underfull \vbox (badness 10000) has occurred while \output is active []


(./main.bbl [7])

** Conference Paper **
Before submitting the final camera ready copy, remember to:

 1. Manually equalize the lengths of two columns on the last page
 of your paper;

 2. Ensure that any PostScript and/or PDF output post-processing
 uses only Type 1 fonts and that every step in the generation
 process uses the appropriate paper size.

[8] (./main.aux)

LaTeX Warning: There were undefined references.


LaTeX Warning: Label(s) may have changed. Rerun to get cross-references right.

 ) 
Here is how much of TeX's memory you used:
 7709 strings out of 493029
 114294 string characters out of 6136233
 291763 words of memory out of 5000000
 11066 multiletter control sequences out of 15000+600000
 112955 words of font info for 126 fonts, out of 8000000 for 9000
 1141 hyphenation exceptions out of 8191
 38i,10n,39p,1699b,311s stack positions out of 5000i,500n,10000p,200000b,80000s
{/usr/share/texlive/texmf-dist/fonts/enc/dvips/base/8r.enc}</usr/share/texliv
e/texmf-dist/fonts/type1/public/amsfonts/cm/cmex10.pfb></usr/share/texlive/texm
f-dist/fonts/type1/public/amsfonts/cm/cmmi10.pfb></usr/share/texlive/texmf-dist
/fonts/type1/public/amsfonts/cm/cmmi7.pfb></usr/share/texlive/texmf-dist/fonts/
type1/public/amsfonts/cm/cmr10.pfb></usr/share/texlive/texmf-dist/fonts/type1/p
ublic/amsfonts/cm/cmr7.pfb></usr/share/texlive/texmf-dist/fonts/type1/public/am
sfonts/cm/cmsy10.pfb></usr/share/texlive/texmf-dist/fonts/type1/public/amsfonts
/cm/cmsy5.pfb></usr/share/texlive/texmf-dist/fonts/type1/public/amsfonts/cm/cms
y7.pfb></usr/share/texlive/texmf-dist/fonts/type1/public/amsfonts/symbols/msbm1
0.pfb></usr/share/texlive/texmf-dist/fonts/type1/urw/times/utmb8a.pfb></usr/sha
re/texlive/texmf-dist/fonts/type1/urw/times/utmbi8a.pfb></usr/share/texlive/tex
mf-dist/fonts/type1/urw/times/utmr8a.pfb></usr/share/texlive/texmf-dist/fonts/t
ype1/urw/times/utmri8a.pfb>
Output written on main.pdf (8 pages, 1877051 bytes).
PDF statistics:
 619 PDF objects out of 1000 (max. 8388607)
 263 compressed objects within 3 object streams
 0 named destinations out of 1000 (max. 500000)
 86 words of extra memory for PDF output out of 10000 (max. 10000000)

